
2023/02/27 15:19:01 /Users/hc/Desktop/workspace/gin-example/bootstrap/db.go:108
[34.800ms] [rows:-] SELECT DATABASE()

2023/02/27 15:19:01 /Users/hc/Desktop/workspace/gin-example/bootstrap/db.go:108
[65.214ms] [rows:1] SELECT SCHEMA_NAME from Information_schema.SCHEMATA where SCHEMA_NAME LIKE 'test%' ORDER BY SCHEMA_NAME='test' DESC,SCHEMA_NAME limit 1

2023/02/27 15:19:01 /Users/hc/Desktop/workspace/gin-example/bootstrap/db.go:108
[72.953ms] [rows:-] SELECT count(*) FROM information_schema.tables WHERE table_schema = 'test' AND table_name = 'users' AND table_type = 'BASE TABLE'

2023/02/27 15:19:01 /Users/hc/Desktop/workspace/gin-example/bootstrap/db.go:108
[44.264ms] [rows:-] SELECT DATABASE()

2023/02/27 15:19:01 /Users/hc/Desktop/workspace/gin-example/bootstrap/db.go:108
[144.761ms] [rows:1] SELECT SCHEMA_NAME from Information_schema.SCHEMATA where SCHEMA_NAME LIKE 'test%' ORDER BY SCHEMA_NAME='test' DESC,SCHEMA_NAME limit 1

2023/02/27 15:19:01 /Users/hc/Desktop/workspace/gin-example/bootstrap/db.go:108
[46.599ms] [rows:-] SELECT * FROM `users` LIMIT 1

2023/02/27 15:19:02 /Users/hc/Desktop/workspace/gin-example/bootstrap/db.go:108 SLOW SQL >= 200ms
[299.153ms] [rows:-] SELECT column_name, column_default, is_nullable = 'YES', data_type, character_maximum_length, column_type, column_key, extra, column_comment, numeric_precision, numeric_scale FROM information_schema.columns WHERE table_schema = 'test' AND table_name = 'users' ORDER BY ORDINAL_POSITION

2023/02/27 15:19:02 /Users/hc/Desktop/workspace/gin-example/bootstrap/db.go:108
[37.536ms] [rows:-] SELECT DATABASE()

2023/02/27 15:19:02 /Users/hc/Desktop/workspace/gin-example/bootstrap/db.go:108
[67.330ms] [rows:1] SELECT SCHEMA_NAME from Information_schema.SCHEMATA where SCHEMA_NAME LIKE 'test%' ORDER BY SCHEMA_NAME='test' DESC,SCHEMA_NAME limit 1

2023/02/27 15:19:02 /Users/hc/Desktop/workspace/gin-example/bootstrap/db.go:108
[65.907ms] [rows:-] SELECT count(*) FROM information_schema.statistics WHERE table_schema = 'test' AND table_name = 'users' AND index_name = 'idx_users_mobile'

2023/02/27 15:19:02 /Users/hc/Desktop/workspace/gin-example/bootstrap/db.go:108
[34.812ms] [rows:-] SELECT DATABASE()

2023/02/27 15:19:02 /Users/hc/Desktop/workspace/gin-example/bootstrap/db.go:108
[69.066ms] [rows:1] SELECT SCHEMA_NAME from Information_schema.SCHEMATA where SCHEMA_NAME LIKE 'test%' ORDER BY SCHEMA_NAME='test' DESC,SCHEMA_NAME limit 1

2023/02/27 15:19:02 /Users/hc/Desktop/workspace/gin-example/bootstrap/db.go:108
[65.523ms] [rows:-] SELECT count(*) FROM information_schema.statistics WHERE table_schema = 'test' AND table_name = 'users' AND index_name = 'idx_users_deleted_at'

2023/02/27 15:19:08 /Users/hc/Desktop/workspace/gin-example/app/services/user.go:31
[72.048ms] [rows:1] SELECT * FROM `users` WHERE mobile = '13043540013' AND `users`.`deleted_at` IS NULL ORDER BY `users`.`id` LIMIT 1

2023/02/27 15:42:47 /Users/hc/Desktop/workspace/car-rental-management-system/bootstrap/db.go:108
[35.521ms] [rows:-] SELECT DATABASE()

2023/02/27 15:42:47 /Users/hc/Desktop/workspace/car-rental-management-system/bootstrap/db.go:108
[67.198ms] [rows:1] SELECT SCHEMA_NAME from Information_schema.SCHEMATA where SCHEMA_NAME LIKE 'car_rental_management_system%' ORDER BY SCHEMA_NAME='car_rental_management_system' DESC,SCHEMA_NAME limit 1

2023/02/27 15:42:47 /Users/hc/Desktop/workspace/car-rental-management-system/bootstrap/db.go:108
[68.523ms] [rows:-] SELECT count(*) FROM information_schema.tables WHERE table_schema = 'car_rental_management_system' AND table_name = 'users' AND table_type = 'BASE TABLE'

2023/02/27 15:42:47 /Users/hc/Desktop/workspace/car-rental-management-system/bootstrap/db.go:108
[83.198ms] [rows:0] CREATE TABLE `users` (`id` bigint unsigned AUTO_INCREMENT,`name` varchar(191) NOT NULL COMMENT '用户名称',`mobile` varchar(191) NOT NULL COMMENT '用户手机号',`password` varchar(191) NOT NULL DEFAULT '' COMMENT '用户密码',`created_at` datetime NULL,`updated_at` datetime NULL,`deleted_at` datetime NULL,PRIMARY KEY (`id`),INDEX `idx_users_deleted_at` (`deleted_at`),INDEX `idx_users_mobile` (`mobile`))

2023/02/27 15:47:43 /Users/hc/Desktop/workspace/car-rental-management-system/bootstrap/db.go:108
[33.256ms] [rows:-] SELECT DATABASE()

2023/02/27 15:47:43 /Users/hc/Desktop/workspace/car-rental-management-system/bootstrap/db.go:108
[71.354ms] [rows:1] SELECT SCHEMA_NAME from Information_schema.SCHEMATA where SCHEMA_NAME LIKE 'car_rental_management_system%' ORDER BY SCHEMA_NAME='car_rental_management_system' DESC,SCHEMA_NAME limit 1

2023/02/27 15:47:43 /Users/hc/Desktop/workspace/car-rental-management-system/bootstrap/db.go:108
[70.246ms] [rows:-] SELECT count(*) FROM information_schema.tables WHERE table_schema = 'car_rental_management_system' AND table_name = 'users' AND table_type = 'BASE TABLE'

2023/02/27 15:47:43 /Users/hc/Desktop/workspace/car-rental-management-system/bootstrap/db.go:108
[34.672ms] [rows:-] SELECT DATABASE()

2023/02/27 15:47:43 /Users/hc/Desktop/workspace/car-rental-management-system/bootstrap/db.go:108
[76.534ms] [rows:1] SELECT SCHEMA_NAME from Information_schema.SCHEMATA where SCHEMA_NAME LIKE 'car_rental_management_system%' ORDER BY SCHEMA_NAME='car_rental_management_system' DESC,SCHEMA_NAME limit 1

2023/02/27 15:47:43 /Users/hc/Desktop/workspace/car-rental-management-system/bootstrap/db.go:108
[33.597ms] [rows:-] SELECT * FROM `users` LIMIT 1

2023/02/27 15:47:43 /Users/hc/Desktop/workspace/car-rental-management-system/bootstrap/db.go:108
[74.328ms] [rows:-] SELECT column_name, column_default, is_nullable = 'YES', data_type, character_maximum_length, column_type, column_key, extra, column_comment, numeric_precision, numeric_scale FROM information_schema.columns WHERE table_schema = 'car_rental_management_system' AND table_name = 'users' ORDER BY ORDINAL_POSITION

2023/02/27 15:47:43 /Users/hc/Desktop/workspace/car-rental-management-system/bootstrap/db.go:108
[39.530ms] [rows:-] SELECT DATABASE()

2023/02/27 15:47:43 /Users/hc/Desktop/workspace/car-rental-management-system/bootstrap/db.go:108
[67.329ms] [rows:1] SELECT SCHEMA_NAME from Information_schema.SCHEMATA where SCHEMA_NAME LIKE 'car_rental_management_system%' ORDER BY SCHEMA_NAME='car_rental_management_system' DESC,SCHEMA_NAME limit 1

2023/02/27 15:47:43 /Users/hc/Desktop/workspace/car-rental-management-system/bootstrap/db.go:108
[70.281ms] [rows:-] SELECT count(*) FROM information_schema.statistics WHERE table_schema = 'car_rental_management_system' AND table_name = 'users' AND index_name = 'idx_users_mobile'

2023/02/27 15:47:43 /Users/hc/Desktop/workspace/car-rental-management-system/bootstrap/db.go:108
[34.363ms] [rows:-] SELECT DATABASE()

2023/02/27 15:47:43 /Users/hc/Desktop/workspace/car-rental-management-system/bootstrap/db.go:108
[71.178ms] [rows:1] SELECT SCHEMA_NAME from Information_schema.SCHEMATA where SCHEMA_NAME LIKE 'car_rental_management_system%' ORDER BY SCHEMA_NAME='car_rental_management_system' DESC,SCHEMA_NAME limit 1

2023/02/27 15:47:43 /Users/hc/Desktop/workspace/car-rental-management-system/bootstrap/db.go:108
[68.515ms] [rows:-] SELECT count(*) FROM information_schema.statistics WHERE table_schema = 'car_rental_management_system' AND table_name = 'users' AND index_name = 'idx_users_deleted_at'

2023/02/27 15:47:50 /Users/hc/Desktop/workspace/car-rental-management-system/app/services/user.go:19 record not found
[84.070ms] [rows:0] SELECT `id` FROM `users` WHERE mobile = '13043540013' AND `users`.`deleted_at` IS NULL ORDER BY `users`.`id` LIMIT 1

2023/02/27 15:47:50 /Users/hc/Desktop/workspace/car-rental-management-system/app/services/user.go:25
[155.452ms] [rows:1] INSERT INTO `users` (`name`,`mobile`,`password`,`created_at`,`updated_at`,`deleted_at`) VALUES ('admin','13043540013','$2a$04$cTrZmL8K.alNOVZ8dCkrMOXntC.tARKFFr2OQmdNeJisgwjMNVpeG','2023-02-27 15:47:50.407','2023-02-27 15:47:50.407',NULL)

2023/02/27 15:48:12 /Users/hc/Desktop/workspace/car-rental-management-system/app/services/user.go:19
[67.123ms] [rows:1] SELECT `id` FROM `users` WHERE mobile = '13043540013' AND `users`.`deleted_at` IS NULL ORDER BY `users`.`id` LIMIT 1

2023/02/27 15:48:17 /Users/hc/Desktop/workspace/car-rental-management-system/app/services/user.go:19 record not found
[80.138ms] [rows:0] SELECT `id` FROM `users` WHERE mobile = '13043540014' AND `users`.`deleted_at` IS NULL ORDER BY `users`.`id` LIMIT 1

2023/02/27 15:48:17 /Users/hc/Desktop/workspace/car-rental-management-system/app/services/user.go:25
[154.951ms] [rows:1] INSERT INTO `users` (`name`,`mobile`,`password`,`created_at`,`updated_at`,`deleted_at`) VALUES ('test','13043540014','$2a$04$MO36jRUiZ41ifw166Sa5de/Bma9l5ChQRCt.HNyAG6cz3dGMUFyT2','2023-02-27 15:48:17.106','2023-02-27 15:48:17.106',NULL)
